<?xml version="1.0" encoding="UTF-8"?>
<testsuite xmlns:xsi="http://www.w3.org/2001/XMLSchema-instance" xsi:noNamespaceSchemaLocation="https://maven.apache.org/surefire/maven-surefire-plugin/xsd/surefire-test-report-3.0.xsd" version="3.0" name="TriangleFuzzTesterWrapperTest" time="0.126" tests="1" errors="0" skipped="0" failures="0">
  <properties>
    <property name="java.specification.version" value="20"/>
    <property name="sun.cpu.isalist" value="amd64"/>
    <property name="sun.jnu.encoding" value="Cp1252"/>
    <property name="java.class.path" value="C:\Manula\Academics\Master in Cyber Security\Sem 3\SENG6320 Software Verification and Validation\Assignment 2\Codebase\Fuzz_Testing_KWIC_Program\FuzzTesting_Group19\target\test-classes;C:\Manula\Academics\Master in Cyber Security\Sem 3\SENG6320 Software Verification and Validation\Assignment 2\Codebase\Fuzz_Testing_KWIC_Program\FuzzTesting_Group19\target\classes;C:\Users\manul\.m2\repository\junit\junit\4.13.1\junit-4.13.1.jar;C:\Users\manul\.m2\repository\org\hamcrest\hamcrest-core\1.3\hamcrest-core-1.3.jar;C:\Users\manul\.m2\repository\org\openclover\clover\4.4.1\clover-4.4.1.jar;C:\Users\manul\AppData\Local\Temp\grover2433322507709569724.jar;"/>
    <property name="java.vm.vendor" value="Oracle Corporation"/>
    <property name="sun.arch.data.model" value="64"/>
    <property name="user.variant" value=""/>
    <property name="java.vendor.url" value="https://java.oracle.com/"/>
    <property name="user.timezone" value="Australia/Sydney"/>
    <property name="os.name" value="Windows 11"/>
    <property name="java.vm.specification.version" value="20"/>
    <property name="sun.java.launcher" value="SUN_STANDARD"/>
    <property name="user.country" value="US"/>
    <property name="sun.boot.library.path" value="C:\Manula\Installed\Java\bin"/>
    <property name="sun.java.command" value="C:\Users\manul\AppData\Local\Temp\surefire4632121783914296963\surefirebooter13721174645424088583.jar C:\Users\manul\AppData\Local\Temp\surefire4632121783914296963 2024-06-03T00-07-11_802-jvmRun1 surefire15870794582859004297tmp surefire_07167607890150396402tmp"/>
    <property name="jdk.debug" value="release"/>
    <property name="surefire.test.class.path" value="C:\Manula\Academics\Master in Cyber Security\Sem 3\SENG6320 Software Verification and Validation\Assignment 2\Codebase\Fuzz_Testing_KWIC_Program\FuzzTesting_Group19\target\test-classes;C:\Manula\Academics\Master in Cyber Security\Sem 3\SENG6320 Software Verification and Validation\Assignment 2\Codebase\Fuzz_Testing_KWIC_Program\FuzzTesting_Group19\target\classes;C:\Users\manul\.m2\repository\junit\junit\4.13.1\junit-4.13.1.jar;C:\Users\manul\.m2\repository\org\hamcrest\hamcrest-core\1.3\hamcrest-core-1.3.jar;C:\Users\manul\.m2\repository\org\openclover\clover\4.4.1\clover-4.4.1.jar;C:\Users\manul\AppData\Local\Temp\grover2433322507709569724.jar;"/>
    <property name="sun.cpu.endian" value="little"/>
    <property name="user.home" value="C:\Users\manul"/>
    <property name="user.language" value="en"/>
    <property name="java.specification.vendor" value="Oracle Corporation"/>
    <property name="java.version.date" value="2023-03-21"/>
    <property name="java.home" value="C:\Manula\Installed\Java"/>
    <property name="file.separator" value="\"/>
    <property name="basedir" value="C:\Manula\Academics\Master in Cyber Security\Sem 3\SENG6320 Software Verification and Validation\Assignment 2\Codebase\Fuzz_Testing_KWIC_Program\FuzzTesting_Group19"/>
    <property name="java.vm.compressedOopsMode" value="Zero based"/>
    <property name="line.separator" value="&#10;"/>
    <property name="java.vm.specification.vendor" value="Oracle Corporation"/>
    <property name="java.specification.name" value="Java Platform API Specification"/>
    <property name="surefire.real.class.path" value="C:\Users\manul\AppData\Local\Temp\surefire4632121783914296963\surefirebooter13721174645424088583.jar"/>
    <property name="user.script" value=""/>
    <property name="sun.management.compiler" value="HotSpot 64-Bit Tiered Compilers"/>
    <property name="java.runtime.version" value="20+36-2344"/>
    <property name="user.name" value="Manula"/>
    <property name="stdout.encoding" value="Cp1252"/>
    <property name="path.separator" value=";"/>
    <property name="os.version" value="10.0"/>
    <property name="java.runtime.name" value="Java(TM) SE Runtime Environment"/>
    <property name="file.encoding" value="UTF-8"/>
    <property name="java.vm.name" value="Java HotSpot(TM) 64-Bit Server VM"/>
    <property name="localRepository" value="C:\Users\manul\.m2\repository"/>
    <property name="java.vendor.url.bug" value="https://bugreport.java.com/bugreport/"/>
    <property name="java.io.tmpdir" value="C:\Users\manul\AppData\Local\Temp\"/>
    <property name="java.version" value="20"/>
    <property name="user.dir" value="C:\Manula\Academics\Master in Cyber Security\Sem 3\SENG6320 Software Verification and Validation\Assignment 2\Codebase\Fuzz_Testing_KWIC_Program\FuzzTesting_Group19"/>
    <property name="os.arch" value="amd64"/>
    <property name="java.vm.specification.name" value="Java Virtual Machine Specification"/>
    <property name="sun.os.patch.level" value=""/>
    <property name="native.encoding" value="Cp1252"/>
    <property name="java.library.path" value="C:\Manula\Installed\Java\bin;C:\WINDOWS\Sun\Java\bin;C:\WINDOWS\system32;C:\WINDOWS;C:\Manula\Installed\Java\bin;C:\Manula\Academics\Master in Cyber Security\Sem 2\SENG6250_System and Network Security\Assignment 3\gradle-8.3-bin\gradle-8.3\bin\;C:\Program Files\Common Files\Oracle\Java\javapath;C:\Manula\Installed\Java\bin\;C:\Program Files (x86)\Common Files\Oracle\Java\javapath;C:\Windows\system32;C:\Windows;C:\Windows\System32\Wbem;C:\Windows\System32\WindowsPowerShell\v1.0\;C:\Windows\System32\OpenSSH\;C:\Program Files (x86)\NVIDIA Corporation\PhysX\Common;C:\Program Files\NVIDIA Corporation\NVIDIA NvDLISR;C:\Manula\Installed\Git\cmd;C:\Program Files\Docker\Docker\resources\bin;C:\WINDOWS\system32;C:\WINDOWS;C:\WINDOWS\System32\Wbem;C:\WINDOWS\System32\WindowsPowerShell\v1.0\;C:\WINDOWS\System32\OpenSSH\;C:\Manula\Installed\OpenSSL-Win64\bin;C:\Manula\Installed\apache-maven-3.9.6\bin;C:\Manula\Installed\Java\bin;C:\Manula\Academics\Master in Cyber Security\Sem 2\SENG6250_System and Network Security\Assignment 3\gradle-8.3-bin\gradle-8.3\bin\;C:\Program Files\Common Files\Oracle\Java\javapath;C:\Manula\Installed\Java\bin\;C:\Program Files (x86)\Common Files\Oracle\Java\javapath;C:\Windows\system32;C:\Windows;C:\Windows\System32\Wbem;C:\Windows\System32\WindowsPowerShell\v1.0\;C:\Windows\System32\OpenSSH\;C:\Program Files (x86)\NVIDIA Corporation\PhysX\Common;C:\Program Files\NVIDIA Corporation\NVIDIA NvDLISR;C:\Manula\Installed\Git\cmd;C:\Program Files\Docker\Docker\resources\bin;C:\WINDOWS\system32;C:\WINDOWS;C:\WINDOWS\System32\Wbem;C:\WINDOWS\System32\WindowsPowerShell\v1.0\;C:\WINDOWS\System32\OpenSSH\;C:\Manula\Installed\OpenSSL-Win64\bin;C:\Manula\Installed\apache-maven-3.9.6\bin;;C:\Manula\Academics\Master in Cyber Security\Sem 2\SENG6250_System and Network Security\Assignment 3\gradle-8.3-bin\gradle-8.3\bin;C:\Manula\Installed\apache-maven-3.9.6\apache-maven\src\bin;;."/>
    <property name="java.vm.info" value="mixed mode, sharing"/>
    <property name="stderr.encoding" value="Cp1252"/>
    <property name="java.vendor" value="Oracle Corporation"/>
    <property name="java.vm.version" value="20+36-2344"/>
    <property name="sun.io.unicode.encoding" value="UnicodeLittle"/>
    <property name="java.class.version" value="64.0"/>
  </properties>
  <testcase name="runFuzzTests" classname="TriangleFuzzTesterWrapperTest" time="0.097">
    <system-out><![CDATA[Test 1: 6, 5, 9 -> triangle
Test 2: 9, 7, 2 -> non-triangle
Test 3: 7, 0, 0 -> non-triangle
Test 4: 3, 4, 0 -> non-triangle
Test 5: 9, 3, 1 -> non-triangle
Test 6: 7, 3, 9 -> triangle
Test 7: 0, 3, 9 -> non-triangle
Test 8: 0, 8, 1 -> non-triangle
Test 9: 9, 7, 5 -> triangle
Test 10: 1, 9, 2 -> non-triangle
Fuzz Testing Results:
Non-triangle: 7
Equilateral triangle: 0
Isosceles triangle: 0
Ordinary triangle: 3
Errors: 0
Total iterations: 10
Time taken: 29 ms
]]></system-out>
  </testcase>
</testsuite>